2021-07-19 09:04:32 info: Http Server running on port 8080
2021-07-19 09:05:16 info: Http Server running on port 8080
2021-07-19 09:07:10 info: Http Server running on port 8080
2021-07-19 09:23:57 error: Error: Failed to lookup view "guestbook/spa-landing" in views directory "D:\vscode-projects\backend-dev\mysite\views"
    at Function.render (D:\vscode-projects\backend-dev\mysite\node_modules\express\lib\application.js:580:17)
    at ServerResponse.render (D:\vscode-projects\backend-dev\mysite\node_modules\express\lib\response.js:1012:7)
    at spalanding (D:\vscode-projects\backend-dev\mysite\controllers\guestbook.js:22:13)
    at Layer.handle [as handle_request] (D:\vscode-projects\backend-dev\mysite\node_modules\express\lib\router\layer.js:95:5)
    at next (D:\vscode-projects\backend-dev\mysite\node_modules\express\lib\router\route.js:137:13)
    at Route.dispatch (D:\vscode-projects\backend-dev\mysite\node_modules\express\lib\router\route.js:112:3)
    at Layer.handle [as handle_request] (D:\vscode-projects\backend-dev\mysite\node_modules\express\lib\router\layer.js:95:5)
    at D:\vscode-projects\backend-dev\mysite\node_modules\express\lib\router\index.js:281:22
    at Function.process_params (D:\vscode-projects\backend-dev\mysite\node_modules\express\lib\router\index.js:335:12)
    at next (D:\vscode-projects\backend-dev\mysite\node_modules\express\lib\router\index.js:275:10)
2021-07-19 09:24:02 error: Error: Failed to lookup view "guestbook/index" in views directory "D:\vscode-projects\backend-dev\mysite\views"
    at Function.render (D:\vscode-projects\backend-dev\mysite\node_modules\express\lib\application.js:580:17)
    at ServerResponse.render (D:\vscode-projects\backend-dev\mysite\node_modules\express\lib\response.js:1012:7)
    at index (D:\vscode-projects\backend-dev\mysite\controllers\guestbook.js:13:17)
    at processTicksAndRejections (internal/process/task_queues.js:93:5)
2021-07-19 09:24:43 error: Error: Failed to lookup view "guestbook/spa-landing" in views directory "D:\vscode-projects\backend-dev\mysite\views"
    at Function.render (D:\vscode-projects\backend-dev\mysite\node_modules\express\lib\application.js:580:17)
    at ServerResponse.render (D:\vscode-projects\backend-dev\mysite\node_modules\express\lib\response.js:1012:7)
    at spalanding (D:\vscode-projects\backend-dev\mysite\controllers\guestbook.js:22:13)
    at Layer.handle [as handle_request] (D:\vscode-projects\backend-dev\mysite\node_modules\express\lib\router\layer.js:95:5)
    at next (D:\vscode-projects\backend-dev\mysite\node_modules\express\lib\router\route.js:137:13)
    at Route.dispatch (D:\vscode-projects\backend-dev\mysite\node_modules\express\lib\router\route.js:112:3)
    at Layer.handle [as handle_request] (D:\vscode-projects\backend-dev\mysite\node_modules\express\lib\router\layer.js:95:5)
    at D:\vscode-projects\backend-dev\mysite\node_modules\express\lib\router\index.js:281:22
    at Function.process_params (D:\vscode-projects\backend-dev\mysite\node_modules\express\lib\router\index.js:335:12)
    at next (D:\vscode-projects\backend-dev\mysite\node_modules\express\lib\router\index.js:275:10)
2021-07-19 09:25:09 error: Error: Failed to lookup view "guestbook/index" in views directory "D:\vscode-projects\backend-dev\mysite\views"
    at Function.render (D:\vscode-projects\backend-dev\mysite\node_modules\express\lib\application.js:580:17)
    at ServerResponse.render (D:\vscode-projects\backend-dev\mysite\node_modules\express\lib\response.js:1012:7)
    at index (D:\vscode-projects\backend-dev\mysite\controllers\guestbook.js:13:17)
    at processTicksAndRejections (internal/process/task_queues.js:93:5)
2021-07-19 09:26:48 error: Error: Failed to lookup view "guestbook/index" in views directory "D:\vscode-projects\backend-dev\mysite\views"
    at Function.render (D:\vscode-projects\backend-dev\mysite\node_modules\express\lib\application.js:580:17)
    at ServerResponse.render (D:\vscode-projects\backend-dev\mysite\node_modules\express\lib\response.js:1012:7)
    at index (D:\vscode-projects\backend-dev\mysite\controllers\guestbook.js:13:17)
    at processTicksAndRejections (internal/process/task_queues.js:93:5)
2021-07-19 09:27:58 error: Error: Failed to lookup view "guestbook/index" in views directory "D:\vscode-projects\backend-dev\mysite\views"
    at Function.render (D:\vscode-projects\backend-dev\mysite\node_modules\express\lib\application.js:580:17)
    at ServerResponse.render (D:\vscode-projects\backend-dev\mysite\node_modules\express\lib\response.js:1012:7)
    at index (D:\vscode-projects\backend-dev\mysite\controllers\guestbook.js:13:17)
    at processTicksAndRejections (internal/process/task_queues.js:93:5)
2021-07-19 16:27:55 info: Listening on port 8080
2021-07-19 16:28:26 error: TypeError [ERR_INVALID_ARG_TYPE]: The "path" argument must be of type string. Received undefined
    at validateString (internal/validators.js:124:11)
    at Object.join (path.js:375:7)
    at update (D:\vscode-projects\backend-dev\mysite\controllers\admin\main.js:22:45)
    at Layer.handle [as handle_request] (D:\vscode-projects\backend-dev\mysite\node_modules\express\lib\router\layer.js:95:5)
    at next (D:\vscode-projects\backend-dev\mysite\node_modules\express\lib\router\route.js:137:13)
    at Route.dispatch (D:\vscode-projects\backend-dev\mysite\node_modules\express\lib\router\route.js:112:3)
    at Layer.handle [as handle_request] (D:\vscode-projects\backend-dev\mysite\node_modules\express\lib\router\layer.js:95:5)
    at D:\vscode-projects\backend-dev\mysite\node_modules\express\lib\router\index.js:281:22
    at Function.process_params (D:\vscode-projects\backend-dev\mysite\node_modules\express\lib\router\index.js:335:12)
    at next (D:\vscode-projects\backend-dev\mysite\node_modules\express\lib\router\index.js:275:10)
2021-07-19 16:29:03 error: TypeError [ERR_INVALID_ARG_TYPE]: The "path" argument must be of type string. Received undefined
    at validateString (internal/validators.js:124:11)
    at Object.join (path.js:375:7)
    at update (D:\vscode-projects\backend-dev\mysite\controllers\admin\main.js:22:45)
    at Layer.handle [as handle_request] (D:\vscode-projects\backend-dev\mysite\node_modules\express\lib\router\layer.js:95:5)
    at next (D:\vscode-projects\backend-dev\mysite\node_modules\express\lib\router\route.js:137:13)
    at Route.dispatch (D:\vscode-projects\backend-dev\mysite\node_modules\express\lib\router\route.js:112:3)
    at Layer.handle [as handle_request] (D:\vscode-projects\backend-dev\mysite\node_modules\express\lib\router\layer.js:95:5)
    at D:\vscode-projects\backend-dev\mysite\node_modules\express\lib\router\index.js:281:22
    at Function.process_params (D:\vscode-projects\backend-dev\mysite\node_modules\express\lib\router\index.js:335:12)
    at next (D:\vscode-projects\backend-dev\mysite\node_modules\express\lib\router\index.js:275:10)
2021-07-19 16:34:15 info: Listening on port 8080
2021-07-19 16:34:41 error: TypeError [ERR_INVALID_ARG_TYPE]: The "path" argument must be of type string. Received undefined
    at validateString (internal/validators.js:124:11)
    at Object.join (path.js:375:7)
    at update (D:\vscode-projects\backend-dev\mysite\controllers\admin\main.js:24:45)
    at Layer.handle [as handle_request] (D:\vscode-projects\backend-dev\mysite\node_modules\express\lib\router\layer.js:95:5)
    at next (D:\vscode-projects\backend-dev\mysite\node_modules\express\lib\router\route.js:137:13)
    at Route.dispatch (D:\vscode-projects\backend-dev\mysite\node_modules\express\lib\router\route.js:112:3)
    at Layer.handle [as handle_request] (D:\vscode-projects\backend-dev\mysite\node_modules\express\lib\router\layer.js:95:5)
    at D:\vscode-projects\backend-dev\mysite\node_modules\express\lib\router\index.js:281:22
    at Function.process_params (D:\vscode-projects\backend-dev\mysite\node_modules\express\lib\router\index.js:335:12)
    at next (D:\vscode-projects\backend-dev\mysite\node_modules\express\lib\router\index.js:275:10)
2021-07-19 16:34:57 info: Listening on port 8080
2021-07-19 16:35:11 error: TypeError [ERR_INVALID_ARG_TYPE]: The "path" argument must be of type string. Received undefined
    at validateString (internal/validators.js:124:11)
    at Object.join (path.js:375:7)
    at update (D:\vscode-projects\backend-dev\mysite\controllers\admin\main.js:24:45)
    at Layer.handle [as handle_request] (D:\vscode-projects\backend-dev\mysite\node_modules\express\lib\router\layer.js:95:5)
    at next (D:\vscode-projects\backend-dev\mysite\node_modules\express\lib\router\route.js:137:13)
    at Route.dispatch (D:\vscode-projects\backend-dev\mysite\node_modules\express\lib\router\route.js:112:3)
    at Layer.handle [as handle_request] (D:\vscode-projects\backend-dev\mysite\node_modules\express\lib\router\layer.js:95:5)
    at D:\vscode-projects\backend-dev\mysite\node_modules\express\lib\router\index.js:281:22
    at Function.process_params (D:\vscode-projects\backend-dev\mysite\node_modules\express\lib\router\index.js:335:12)
    at next (D:\vscode-projects\backend-dev\mysite\node_modules\express\lib\router\index.js:275:10)
2021-07-19 16:35:30 info: Listening on port 8080
2021-07-19 16:35:36 info: Listening on port 8080
2021-07-19 16:35:41 info: Listening on port 8080
2021-07-19 16:35:44 info: Listening on port 8080
2021-07-19 16:36:12 error: TypeError [ERR_INVALID_ARG_TYPE]: The "path" argument must be of type string. Received undefined
    at validateString (internal/validators.js:124:11)
    at Object.join (path.js:375:7)
    at update (D:\vscode-projects\backend-dev\mysite\controllers\admin\main.js:24:45)
    at Layer.handle [as handle_request] (D:\vscode-projects\backend-dev\mysite\node_modules\express\lib\router\layer.js:95:5)
    at next (D:\vscode-projects\backend-dev\mysite\node_modules\express\lib\router\route.js:137:13)
    at Route.dispatch (D:\vscode-projects\backend-dev\mysite\node_modules\express\lib\router\route.js:112:3)
    at Layer.handle [as handle_request] (D:\vscode-projects\backend-dev\mysite\node_modules\express\lib\router\layer.js:95:5)
    at D:\vscode-projects\backend-dev\mysite\node_modules\express\lib\router\index.js:281:22
    at Function.process_params (D:\vscode-projects\backend-dev\mysite\node_modules\express\lib\router\index.js:335:12)
    at next (D:\vscode-projects\backend-dev\mysite\node_modules\express\lib\router\index.js:275:10)
2021-07-19 16:42:01 error: TypeError [ERR_INVALID_ARG_TYPE]: The "path" argument must be of type string. Received undefined
    at validateString (internal/validators.js:124:11)
    at Object.join (path.js:375:7)
    at update (D:\vscode-projects\backend-dev\mysite\controllers\admin\main.js:24:45)
    at Layer.handle [as handle_request] (D:\vscode-projects\backend-dev\mysite\node_modules\express\lib\router\layer.js:95:5)
    at next (D:\vscode-projects\backend-dev\mysite\node_modules\express\lib\router\route.js:137:13)
    at Route.dispatch (D:\vscode-projects\backend-dev\mysite\node_modules\express\lib\router\route.js:112:3)
    at Layer.handle [as handle_request] (D:\vscode-projects\backend-dev\mysite\node_modules\express\lib\router\layer.js:95:5)
    at D:\vscode-projects\backend-dev\mysite\node_modules\express\lib\router\index.js:281:22
    at Function.process_params (D:\vscode-projects\backend-dev\mysite\node_modules\express\lib\router\index.js:335:12)
    at next (D:\vscode-projects\backend-dev\mysite\node_modules\express\lib\router\index.js:275:10)
2021-07-19 16:43:06 info: Listening on port 8080
2021-07-19 16:43:09 info: Listening on port 8080
2021-07-19 16:43:12 info: Listening on port 8080
2021-07-19 16:45:49 info: Listening on port 8080
2021-07-19 16:46:15 error: TypeError [ERR_INVALID_ARG_TYPE]: The "path" argument must be of type string. Received undefined
    at validateString (internal/validators.js:124:11)
    at Object.join (path.js:375:7)
    at upload (D:\vscode-projects\backend-dev\mysite\controllers\gallery.js:35:45)
    at Layer.handle [as handle_request] (D:\vscode-projects\backend-dev\mysite\node_modules\express\lib\router\layer.js:95:5)
    at next (D:\vscode-projects\backend-dev\mysite\node_modules\express\lib\router\route.js:137:13)
    at D:\vscode-projects\backend-dev\mysite\routes\authorized.js:4:13
    at Layer.handle [as handle_request] (D:\vscode-projects\backend-dev\mysite\node_modules\express\lib\router\layer.js:95:5)
    at next (D:\vscode-projects\backend-dev\mysite\node_modules\express\lib\router\route.js:137:13)
    at Route.dispatch (D:\vscode-projects\backend-dev\mysite\node_modules\express\lib\router\route.js:112:3)
    at Layer.handle [as handle_request] (D:\vscode-projects\backend-dev\mysite\node_modules\express\lib\router\layer.js:95:5)
2021-07-19 16:57:32 info: Listening on port 8080
2021-07-19 16:57:50 error: TypeError [ERR_INVALID_ARG_TYPE]: The "path" argument must be of type string. Received undefined
    at validateString (internal/validators.js:124:11)
    at Object.join (path.js:375:7)
    at update (D:\vscode-projects\backend-dev\mysite\controllers\admin\main.js:24:45)
    at Layer.handle [as handle_request] (D:\vscode-projects\backend-dev\mysite\node_modules\express\lib\router\layer.js:95:5)
    at next (D:\vscode-projects\backend-dev\mysite\node_modules\express\lib\router\route.js:137:13)
    at Route.dispatch (D:\vscode-projects\backend-dev\mysite\node_modules\express\lib\router\route.js:112:3)
    at Layer.handle [as handle_request] (D:\vscode-projects\backend-dev\mysite\node_modules\express\lib\router\layer.js:95:5)
    at D:\vscode-projects\backend-dev\mysite\node_modules\express\lib\router\index.js:281:22
    at Function.process_params (D:\vscode-projects\backend-dev\mysite\node_modules\express\lib\router\index.js:335:12)
    at next (D:\vscode-projects\backend-dev\mysite\node_modules\express\lib\router\index.js:275:10)
2021-07-19 16:59:11 error: TypeError [ERR_INVALID_ARG_TYPE]: The "path" argument must be of type string. Received undefined
    at validateString (internal/validators.js:124:11)
    at Object.join (path.js:375:7)
    at update (D:\vscode-projects\backend-dev\mysite\controllers\admin\main.js:24:45)
    at Layer.handle [as handle_request] (D:\vscode-projects\backend-dev\mysite\node_modules\express\lib\router\layer.js:95:5)
    at next (D:\vscode-projects\backend-dev\mysite\node_modules\express\lib\router\route.js:137:13)
    at Route.dispatch (D:\vscode-projects\backend-dev\mysite\node_modules\express\lib\router\route.js:112:3)
    at Layer.handle [as handle_request] (D:\vscode-projects\backend-dev\mysite\node_modules\express\lib\router\layer.js:95:5)
    at D:\vscode-projects\backend-dev\mysite\node_modules\express\lib\router\index.js:281:22
    at Function.process_params (D:\vscode-projects\backend-dev\mysite\node_modules\express\lib\router\index.js:335:12)
    at next (D:\vscode-projects\backend-dev\mysite\node_modules\express\lib\router\index.js:275:10)
2021-07-19 16:59:15 info: Listening on port 8080
